# JRE version: OpenJDK Runtime Environment (11.0.10) (build 11.0.10+0-b96-7249189)
# Java VM: OpenJDK 64-Bit Server VM (11.0.10+0-b96-7249189, mixed mode, tiered, compressed oops, g1 gc, windows-amd64)
Heap:
 garbage-first heap   total 187392K, used 75452K [0x0000000080000000, 0x0000000100000000)
  region size 1024K, 9 young (9216K), 9 survivors (9216K)
 Metaspace       used 87659K, capacity 89973K, committed 90188K, reserved 1126400K
  class space    used 11444K, capacity 12338K, committed 12364K, reserved 1048576K
GC Heap History (20 events):
Event: 4.095 GC heap after
{Heap after GC invocations=9 (full 0):
 garbage-first heap   total 129024K, used 26134K [0x0000000080000000, 0x0000000100000000)
  region size 1024K, 7 young (7168K), 7 survivors (7168K)
 Metaspace       used 38733K, capacity 39634K, committed 39884K, reserved 1083392K
  class space    used 4933K, capacity 5252K, committed 5324K, reserved 1048576K
}
Event: 4.638 GC heap before
{Heap before GC invocations=9 (full 0):
 garbage-first heap   total 129024K, used 79382K [0x0000000080000000, 0x0000000100000000)
  region size 1024K, 59 young (60416K), 7 survivors (7168K)
 Metaspace       used 43648K, capacity 44638K, committed 44876K, reserved 1087488K
  class space    used 5576K, capacity 5935K, committed 5964K, reserved 1048576K
}
Event: 4.644 GC heap after
{Heap after GC invocations=10 (full 0):
 garbage-first heap   total 155648K, used 28498K [0x0000000080000000, 0x0000000100000000)
  region size 1024K, 7 young (7168K), 7 survivors (7168K)
 Metaspace       used 43648K, capacity 44638K, committed 44876K, reserved 1087488K
  class space    used 5576K, capacity 5935K, committed 5964K, reserved 1048576K
}
Event: 6.798 GC heap before
{Heap before GC invocations=10 (full 0):
 garbage-first heap   total 155648K, used 93010K [0x0000000080000000, 0x0000000100000000)
  region size 1024K, 69 young (70656K), 7 survivors (7168K)
 Metaspace       used 47137K, capacity 48380K, committed 48460K, reserved 1091584K
  class space    used 6027K, capacity 6472K, committed 6476K, reserved 1048576K
}
Event: 6.804 GC heap after
{Heap after GC invocations=11 (full 0):
 garbage-first heap   total 155648K, used 37151K [0x0000000080000000, 0x0000000100000000)
  region size 1024K, 9 young (9216K), 9 survivors (9216K)
 Metaspace       used 47137K, capacity 48380K, committed 48460K, reserved 1091584K
  class space    used 6027K, capacity 6472K, committed 6476K, reserved 1048576K
}
Event: 8.274 GC heap before
{Heap before GC invocations=11 (full 0):
 garbage-first heap   total 155648K, used 101663K [0x0000000080000000, 0x0000000100000000)
  region size 1024K, 70 young (71680K), 9 survivors (9216K)
 Metaspace       used 55323K, capacity 56774K, committed 57036K, reserved 1099776K
  class space    used 7017K, capacity 7553K, committed 7628K, reserved 1048576K
}
Event: 8.281 GC heap after
{Heap after GC invocations=12 (full 0):
 garbage-first heap   total 155648K, used 43653K [0x0000000080000000, 0x0000000100000000)
  region size 1024K, 5 young (5120K), 5 survivors (5120K)
 Metaspace       used 55323K, capacity 56774K, committed 57036K, reserved 1099776K
  class space    used 7017K, capacity 7553K, committed 7628K, reserved 1048576K
}
Event: 8.831 GC heap before
{Heap before GC invocations=12 (full 0):
 garbage-first heap   total 155648K, used 65157K [0x0000000080000000, 0x0000000100000000)
  region size 1024K, 27 young (27648K), 5 survivors (5120K)
 Metaspace       used 58477K, capacity 59996K, committed 60236K, reserved 1101824K
  class space    used 7426K, capacity 7984K, committed 8012K, reserved 1048576K
}
Event: 8.849 GC heap after
{Heap after GC invocations=13 (full 0):
 garbage-first heap   total 155648K, used 45010K [0x0000000080000000, 0x0000000100000000)
  region size 1024K, 6 young (6144K), 6 survivors (6144K)
 Metaspace       used 58477K, capacity 59996K, committed 60236K, reserved 1101824K
  class space    used 7426K, capacity 7984K, committed 8012K, reserved 1048576K
}
Event: 9.797 GC heap before
{Heap before GC invocations=14 (full 0):
 garbage-first heap   total 155648K, used 109522K [0x0000000080000000, 0x0000000100000000)
  region size 1024K, 69 young (70656K), 6 survivors (6144K)
 Metaspace       used 63272K, capacity 64862K, committed 65100K, reserved 1105920K
  class space    used 8042K, capacity 8632K, committed 8780K, reserved 1048576K
}
Event: 9.805 GC heap after
{Heap after GC invocations=15 (full 0):
 garbage-first heap   total 155648K, used 50172K [0x0000000080000000, 0x0000000100000000)
  region size 1024K, 7 young (7168K), 7 survivors (7168K)
 Metaspace       used 63272K, capacity 64862K, committed 65100K, reserved 1105920K
  class space    used 8042K, capacity 8632K, committed 8780K, reserved 1048576K
}
Event: 10.629 GC heap before
{Heap before GC invocations=15 (full 0):
 garbage-first heap   total 155648K, used 114684K [0x0000000080000000, 0x0000000100000000)
  region size 1024K, 70 young (71680K), 7 survivors (7168K)
 Metaspace       used 69615K, capacity 71338K, committed 71628K, reserved 1112064K
  class space    used 9026K, capacity 9627K, committed 9676K, reserved 1048576K
}
Event: 10.640 GC heap after
{Heap after GC invocations=16 (full 0):
 garbage-first heap   total 155648K, used 54894K [0x0000000080000000, 0x0000000100000000)
  region size 1024K, 5 young (5120K), 5 survivors (5120K)
 Metaspace       used 69615K, capacity 71338K, committed 71628K, reserved 1112064K
  class space    used 9026K, capacity 9627K, committed 9676K, reserved 1048576K
}
Event: 11.314 GC heap before
{Heap before GC invocations=16 (full 0):
 garbage-first heap   total 155648K, used 117358K [0x0000000080000000, 0x0000000100000000)
  region size 1024K, 66 young (67584K), 5 survivors (5120K)
 Metaspace       used 76120K, capacity 77932K, committed 78156K, reserved 1116160K
  class space    used 9913K, capacity 10545K, committed 10572K, reserved 1048576K
}
Event: 11.319 GC heap after
{Heap after GC invocations=17 (full 0):
 garbage-first heap   total 155648K, used 58556K [0x0000000080000000, 0x0000000100000000)
  region size 1024K, 9 young (9216K), 9 survivors (9216K)
 Metaspace       used 76120K, capacity 77932K, committed 78156K, reserved 1116160K
  class space    used 9913K, capacity 10545K, committed 10572K, reserved 1048576K
}
Event: 12.018 GC heap before
{Heap before GC invocations=17 (full 0):
 garbage-first heap   total 155648K, used 118972K [0x0000000080000000, 0x0000000100000000)
  region size 1024K, 69 young (70656K), 9 survivors (9216K)
 Metaspace       used 78883K, capacity 81165K, committed 81484K, reserved 1120256K
  class space    used 10391K, capacity 11217K, committed 11340K, reserved 1048576K
}
Event: 12.035 GC heap after
{Heap after GC invocations=18 (full 0):
 garbage-first heap   total 155648K, used 62971K [0x0000000080000000, 0x0000000100000000)
  region size 1024K, 9 young (9216K), 9 survivors (9216K)
 Metaspace       used 78883K, capacity 81165K, committed 81484K, reserved 1120256K
  class space    used 10391K, capacity 11217K, committed 11340K, reserved 1048576K
}
Event: 12.483 GC heap before
{Heap before GC invocations=18 (full 0):
 garbage-first heap   total 155648K, used 121339K [0x0000000080000000, 0x0000000100000000)
  region size 1024K, 67 young (68608K), 9 survivors (9216K)
 Metaspace       used 80038K, capacity 82407K, committed 82636K, reserved 1120256K
  class space    used 10516K, capacity 11370K, committed 11468K, reserved 1048576K
}
Event: 12.494 GC heap after
{Heap after GC invocations=19 (full 0):
 garbage-first heap   total 155648K, used 66671K [0x0000000080000000, 0x0000000100000000)
  region size 1024K, 8 young (8192K), 8 survivors (8192K)
 Metaspace       used 80038K, capacity 82407K, committed 82636K, reserved 1120256K
  class space    used 10516K, capacity 11370K, committed 11468K, reserved 1048576K
}
Event: 13.706 GC heap before
{Heap before GC invocations=19 (full 0):
 garbage-first heap   total 155648K, used 126063K [0x0000000080000000, 0x0000000100000000)
  region size 1024K, 65 young (66560K), 8 survivors (8192K)
 Metaspace       used 87659K, capacity 89973K, committed 90188K, reserved 1126400K
  class space    used 11444K, capacity 12338K, committed 12364K, reserved 1048576K
}

